<?xml version="1.0" encoding="UTF-8"?>
<!-- Generated by org.testng.reporters.JUnitReportReporter -->
<testsuite hostname="Umesh" failures="0" tests="1" name="TestCases.Test1" time="0.009" errors="0" timestamp="2024-04-11T12:33:10 IST" skipped="0">
  <testcase classname="TestCases.Test1" name="f" time="0.009"/>
  <system-out/>
</testsuite> <!-- TestCases.Test1 -->
