<?xml version="1.0" encoding="UTF-8"?>
<!-- Generated by org.testng.reporters.JUnitReportReporter -->
<testsuite hostname="Umesh" failures="0" tests="2" name="TestCases.NewTest" time="0.010" errors="0" timestamp="2024-04-12T10:39:11 IST" skipped="0">
  <testcase classname="TestCases.NewTest" name="f" time="0.008"/>
  <system-out/>
  <testcase classname="TestCases.NewTest" name="f" time="0.002"/>
  <system-out/>
</testsuite> <!-- TestCases.NewTest -->
